<?xml version="1.0" encoding="UTF-8"?>
<!-- Generated by org.testng.reporters.JUnitReportReporter -->
<testsuite skipped="2" hostname="ROHITSOO01" name="TestNG_Test.SanityTest" tests="2" failures="0" timestamp="18 Feb 2019 06:41:36 GMT" time="0.000" errors="0">
  <testcase name="Sanitytest1" time="0.000" classname="TestNG_Test.SanityTest">
    <skipped/>
  </testcase> <!-- Sanitytest1 -->
  <testcase name="Sanitytest3" time="0.000" classname="TestNG_Test.SanityTest">
    <skipped/>
  </testcase> <!-- Sanitytest3 -->
</testsuite> <!-- TestNG_Test.SanityTest -->
