<?xml version="1.0" encoding="UTF-8"?>
<!-- Generated by org.testng.reporters.JUnitReportReporter -->
<testsuite skipped="0" hostname="ROHITSOO01" name="TestNG_Test.SanityTest" tests="2" failures="0" timestamp="18 Feb 2019 03:49:58 GMT" time="104.928" errors="0">
  <testcase name="Sanitytest3" time="55.153" classname="TestNG_Test.SanityTest"/>
  <testcase name="Sanitytest1" time="49.775" classname="TestNG_Test.SanityTest"/>
</testsuite> <!-- TestNG_Test.SanityTest -->
