<?xml version="1.0" encoding="UTF-8"?>
<!-- Generated by org.testng.reporters.JUnitReportReporter -->
<testsuite hostname="ROHITSOO01" name="TestNG_Test.SanityTest" tests="2" failures="0" timestamp="18 Feb 2019 06:46:56 GMT" time="105.429" errors="0">
  <testcase name="Sanitytest3" time="52.896" classname="TestNG_Test.SanityTest"/>
  <testcase name="Sanitytest1" time="52.533" classname="TestNG_Test.SanityTest"/>
</testsuite>
